This is pdfTeX, Version 3.141592653-2.6-1.40.25 (TeX Live 2023) (preloaded format=pdflatex 2023.4.11)  3 FEB 2024 16:44
entering extended mode
 restricted \write18 enabled.
 file:line:error style messages enabled.
 %&-line parsing enabled.
**main.tex
(./main.tex
LaTeX2e <2022-11-01> patch level 1
L3 programming layer <2023-03-30>
(/home/whitengine/texlive/2023/texmf-dist/tex/latex/amscls/amsart.cls
Document Class: amsart 2020/05/29 v2.20.6
\linespacing=\dimen140
\normalparindent=\dimen141
\normaltopskip=\skip48
(/home/whitengine/texlive/2023/texmf-dist/tex/latex/amsmath/amsmath.sty
Package: amsmath 2022/04/08 v2.17n AMS math features
\@mathmargin=\skip49

For additional information on amsmath, use the `?' option.
(/home/whitengine/texlive/2023/texmf-dist/tex/latex/amsmath/amstext.sty
Package: amstext 2021/08/26 v2.01 AMS text

(/home/whitengine/texlive/2023/texmf-dist/tex/latex/amsmath/amsgen.sty
File: amsgen.sty 1999/11/30 v2.0 generic functions
\@emptytoks=\toks16
\ex@=\dimen142
))
(/home/whitengine/texlive/2023/texmf-dist/tex/latex/amsmath/amsbsy.sty
Package: amsbsy 1999/11/29 v1.2d Bold Symbols
\pmbraise@=\dimen143
)
(/home/whitengine/texlive/2023/texmf-dist/tex/latex/amsmath/amsopn.sty
Package: amsopn 2022/04/08 v2.04 operator names
)
\inf@bad=\count185
LaTeX Info: Redefining \frac on input line 234.
\uproot@=\count186
\leftroot@=\count187
LaTeX Info: Redefining \overline on input line 399.
LaTeX Info: Redefining \colon on input line 410.
\classnum@=\count188
\DOTSCASE@=\count189
LaTeX Info: Redefining \ldots on input line 496.
LaTeX Info: Redefining \dots on input line 499.
LaTeX Info: Redefining \cdots on input line 620.
\Mathstrutbox@=\box51
\strutbox@=\box52
LaTeX Info: Redefining \big on input line 722.
LaTeX Info: Redefining \Big on input line 723.
LaTeX Info: Redefining \bigg on input line 724.
LaTeX Info: Redefining \Bigg on input line 725.
\big@size=\dimen144
LaTeX Font Info:    Redeclaring font encoding OML on input line 743.
LaTeX Font Info:    Redeclaring font encoding OMS on input line 744.
\macc@depth=\count190
LaTeX Info: Redefining \bmod on input line 905.
LaTeX Info: Redefining \pmod on input line 910.
LaTeX Info: Redefining \smash on input line 940.
LaTeX Info: Redefining \relbar on input line 970.
LaTeX Info: Redefining \Relbar on input line 971.
\c@MaxMatrixCols=\count191
\dotsspace@=\muskip16
\c@parentequation=\count192
\dspbrk@lvl=\count193
\tag@help=\toks17
\row@=\count194
\column@=\count195
\maxfields@=\count196
\andhelp@=\toks18
\eqnshift@=\dimen145
\alignsep@=\dimen146
\tagshift@=\dimen147
\tagwidth@=\dimen148
\totwidth@=\dimen149
\lineht@=\dimen150
\@envbody=\toks19
\multlinegap=\skip50
\multlinetaggap=\skip51
\mathdisplay@stack=\toks20
LaTeX Info: Redefining \[ on input line 2953.
LaTeX Info: Redefining \] on input line 2954.
)
LaTeX Font Info:    Trying to load font information for U+msa on input line 397
.

(/home/whitengine/texlive/2023/texmf-dist/tex/latex/amsfonts/umsa.fd
File: umsa.fd 2013/01/14 v3.01 AMS symbols A
)
(/home/whitengine/texlive/2023/texmf-dist/tex/latex/amsfonts/amsfonts.sty
Package: amsfonts 2013/01/14 v3.01 Basic AMSFonts support
\symAMSa=\mathgroup4
\symAMSb=\mathgroup5
LaTeX Font Info:    Redeclaring math symbol \hbar on input line 98.
LaTeX Font Info:    Overwriting math alphabet `\mathfrak' in version `bold'
(Font)                  U/euf/m/n --> U/euf/b/n on input line 106.
)
\copyins=\insert199
\abstractbox=\box53
\listisep=\skip52
\c@part=\count197
\c@section=\count198
\c@subsection=\count266
\c@subsubsection=\count267
\c@paragraph=\count268
\c@subparagraph=\count269
\c@figure=\count270
\c@table=\count271
\abovecaptionskip=\skip53
\belowcaptionskip=\skip54
\captionindent=\dimen151
\thm@style=\toks21
\thm@bodyfont=\toks22
\thm@headfont=\toks23
\thm@notefont=\toks24
\thm@headpunct=\toks25
\thm@preskip=\skip55
\thm@postskip=\skip56
\thm@headsep=\skip57
\dth@everypar=\toks26
)
(/home/whitengine/texlive/2023/texmf-dist/tex/generic/babel/babel.sty
Package: babel 2023/03/28 3.87 The Babel package
\babel@savecnt=\count272
\U@D=\dimen152
\l@unhyphenated=\language87

(/home/whitengine/texlive/2023/texmf-dist/tex/generic/babel/txtbabel.def)
\bbl@readstream=\read2
\bbl@dirlevel=\count273

(/home/whitengine/texlive/2023/texmf-dist/tex/generic/babel-spanish/spanish.ldf
Language: spanish.ldf 2021/05/27 v5.0q Spanish support from the babel system
\es@quottoks=\toks27
\es@quotdepth=\count274
Package babel Info: Making " an active character on input line 570.
Package babel Info: Making . an active character on input line 675.
Package babel Info: Making < an active character on input line 722.
Package babel Info: Making > an active character on input line 722.
))
(/home/whitengine/texlive/2023/texmf-dist/tex/generic/babel/locale/es/babel-spa
nish.tex
Package babel Info: Importing font and identification data for spanish
(babel)             from babel-es.ini. Reported on input line 11.
) (/home/whitengine/texlive/2023/texmf-dist/tex/latex/amsmath/amscd.sty
Package: amscd 2017/04/14 v2.1 AMS Commutative Diagrams
\athelp@=\toks28
\minaw@=\dimen153
\bigaw@=\dimen154
\minCDarrowwidth=\dimen155
) (/home/whitengine/texlive/2023/texmf-dist/tex/latex/amsfonts/amssymb.sty
Package: amssymb 2013/01/14 v3.01 AMS font symbols
)
(/home/whitengine/texlive/2023/texmf-dist/tex/latex/tikz-cd/tikz-cd.sty
Package: tikz-cd 2021/05/04 v1.0 Commutative diagrams with TikZ

(/home/whitengine/texlive/2023/texmf-dist/tex/latex/pgf/frontendlayer/tikz.sty
(/home/whitengine/texlive/2023/texmf-dist/tex/latex/pgf/basiclayer/pgf.sty
(/home/whitengine/texlive/2023/texmf-dist/tex/latex/pgf/utilities/pgfrcs.sty
(/home/whitengine/texlive/2023/texmf-dist/tex/generic/pgf/utilities/pgfutil-com
mon.tex
\pgfutil@everybye=\toks29
\pgfutil@tempdima=\dimen156
\pgfutil@tempdimb=\dimen157
)
(/home/whitengine/texlive/2023/texmf-dist/tex/generic/pgf/utilities/pgfutil-lat
ex.def
\pgfutil@abb=\box54
)
(/home/whitengine/texlive/2023/texmf-dist/tex/generic/pgf/utilities/pgfrcs.code
.tex (/home/whitengine/texlive/2023/texmf-dist/tex/generic/pgf/pgf.revision.tex
)
Package: pgfrcs 2023-01-15 v3.1.10 (3.1.10)
))
Package: pgf 2023-01-15 v3.1.10 (3.1.10)

(/home/whitengine/texlive/2023/texmf-dist/tex/latex/pgf/basiclayer/pgfcore.sty
(/home/whitengine/texlive/2023/texmf-dist/tex/latex/graphics/graphicx.sty
Package: graphicx 2021/09/16 v1.2d Enhanced LaTeX Graphics (DPC,SPQR)

(/home/whitengine/texlive/2023/texmf-dist/tex/latex/graphics/keyval.sty
Package: keyval 2022/05/29 v1.15 key=value parser (DPC)
\KV@toks@=\toks30
)
(/home/whitengine/texlive/2023/texmf-dist/tex/latex/graphics/graphics.sty
Package: graphics 2022/03/10 v1.4e Standard LaTeX Graphics (DPC,SPQR)

(/home/whitengine/texlive/2023/texmf-dist/tex/latex/graphics/trig.sty
Package: trig 2021/08/11 v1.11 sin cos tan (DPC)
)
(/home/whitengine/texlive/2023/texmf-dist/tex/latex/graphics-cfg/graphics.cfg
File: graphics.cfg 2016/06/04 v1.11 sample graphics configuration
)
Package graphics Info: Driver file: pdftex.def on input line 107.

(/home/whitengine/texlive/2023/texmf-dist/tex/latex/graphics-def/pdftex.def
File: pdftex.def 2022/09/22 v1.2b Graphics/color driver for pdftex
))
\Gin@req@height=\dimen158
\Gin@req@width=\dimen159
)
(/home/whitengine/texlive/2023/texmf-dist/tex/latex/pgf/systemlayer/pgfsys.sty
(/home/whitengine/texlive/2023/texmf-dist/tex/generic/pgf/systemlayer/pgfsys.co
de.tex
Package: pgfsys 2023-01-15 v3.1.10 (3.1.10)

(/home/whitengine/texlive/2023/texmf-dist/tex/generic/pgf/utilities/pgfkeys.cod
e.tex
\pgfkeys@pathtoks=\toks31
\pgfkeys@temptoks=\toks32

(/home/whitengine/texlive/2023/texmf-dist/tex/generic/pgf/utilities/pgfkeyslibr
aryfiltered.code.tex
\pgfkeys@tmptoks=\toks33
))
\pgf@x=\dimen160
\pgf@y=\dimen161
\pgf@xa=\dimen162
\pgf@ya=\dimen163
\pgf@xb=\dimen164
\pgf@yb=\dimen165
\pgf@xc=\dimen166
\pgf@yc=\dimen167
\pgf@xd=\dimen168
\pgf@yd=\dimen169
\w@pgf@writea=\write3
\r@pgf@reada=\read3
\c@pgf@counta=\count275
\c@pgf@countb=\count276
\c@pgf@countc=\count277
\c@pgf@countd=\count278
\t@pgf@toka=\toks34
\t@pgf@tokb=\toks35
\t@pgf@tokc=\toks36
\pgf@sys@id@count=\count279

(/home/whitengine/texlive/2023/texmf-dist/tex/generic/pgf/systemlayer/pgf.cfg
File: pgf.cfg 2023-01-15 v3.1.10 (3.1.10)
)
Driver file for pgf: pgfsys-pdftex.def

(/home/whitengine/texlive/2023/texmf-dist/tex/generic/pgf/systemlayer/pgfsys-pd
ftex.def
File: pgfsys-pdftex.def 2023-01-15 v3.1.10 (3.1.10)

(/home/whitengine/texlive/2023/texmf-dist/tex/generic/pgf/systemlayer/pgfsys-co
mmon-pdf.def
File: pgfsys-common-pdf.def 2023-01-15 v3.1.10 (3.1.10)
)))
(/home/whitengine/texlive/2023/texmf-dist/tex/generic/pgf/systemlayer/pgfsyssof
tpath.code.tex
File: pgfsyssoftpath.code.tex 2023-01-15 v3.1.10 (3.1.10)
\pgfsyssoftpath@smallbuffer@items=\count280
\pgfsyssoftpath@bigbuffer@items=\count281
)
(/home/whitengine/texlive/2023/texmf-dist/tex/generic/pgf/systemlayer/pgfsyspro
tocol.code.tex
File: pgfsysprotocol.code.tex 2023-01-15 v3.1.10 (3.1.10)
))
(/home/whitengine/texlive/2023/texmf-dist/tex/latex/xcolor/xcolor.sty
Package: xcolor 2022/06/12 v2.14 LaTeX color extensions (UK)

(/home/whitengine/texlive/2023/texmf-dist/tex/latex/graphics-cfg/color.cfg
File: color.cfg 2016/01/02 v1.6 sample color configuration
)
Package xcolor Info: Driver file: pdftex.def on input line 227.

(/home/whitengine/texlive/2023/texmf-dist/tex/latex/graphics/mathcolor.ltx)
Package xcolor Info: Model `cmy' substituted by `cmy0' on input line 1353.
Package xcolor Info: Model `hsb' substituted by `rgb' on input line 1357.
Package xcolor Info: Model `RGB' extended on input line 1369.
Package xcolor Info: Model `HTML' substituted by `rgb' on input line 1371.
Package xcolor Info: Model `Hsb' substituted by `hsb' on input line 1372.
Package xcolor Info: Model `tHsb' substituted by `hsb' on input line 1373.
Package xcolor Info: Model `HSB' substituted by `hsb' on input line 1374.
Package xcolor Info: Model `Gray' substituted by `gray' on input line 1375.
Package xcolor Info: Model `wave' substituted by `hsb' on input line 1376.
)
(/home/whitengine/texlive/2023/texmf-dist/tex/generic/pgf/basiclayer/pgfcore.co
de.tex
Package: pgfcore 2023-01-15 v3.1.10 (3.1.10)

(/home/whitengine/texlive/2023/texmf-dist/tex/generic/pgf/math/pgfmath.code.tex

(/home/whitengine/texlive/2023/texmf-dist/tex/generic/pgf/math/pgfmathutil.code
.tex)
(/home/whitengine/texlive/2023/texmf-dist/tex/generic/pgf/math/pgfmathparser.co
de.tex
\pgfmath@dimen=\dimen170
\pgfmath@count=\count282
\pgfmath@box=\box55
\pgfmath@toks=\toks37
\pgfmath@stack@operand=\toks38
\pgfmath@stack@operation=\toks39
)
(/home/whitengine/texlive/2023/texmf-dist/tex/generic/pgf/math/pgfmathfunctions
.code.tex)
(/home/whitengine/texlive/2023/texmf-dist/tex/generic/pgf/math/pgfmathfunctions
.basic.code.tex)
(/home/whitengine/texlive/2023/texmf-dist/tex/generic/pgf/math/pgfmathfunctions
.trigonometric.code.tex)
(/home/whitengine/texlive/2023/texmf-dist/tex/generic/pgf/math/pgfmathfunctions
.random.code.tex)
(/home/whitengine/texlive/2023/texmf-dist/tex/generic/pgf/math/pgfmathfunctions
.comparison.code.tex)
(/home/whitengine/texlive/2023/texmf-dist/tex/generic/pgf/math/pgfmathfunctions
.base.code.tex)
(/home/whitengine/texlive/2023/texmf-dist/tex/generic/pgf/math/pgfmathfunctions
.round.code.tex)
(/home/whitengine/texlive/2023/texmf-dist/tex/generic/pgf/math/pgfmathfunctions
.misc.code.tex)
(/home/whitengine/texlive/2023/texmf-dist/tex/generic/pgf/math/pgfmathfunctions
.integerarithmetics.code.tex)
(/home/whitengine/texlive/2023/texmf-dist/tex/generic/pgf/math/pgfmathcalc.code
.tex)
(/home/whitengine/texlive/2023/texmf-dist/tex/generic/pgf/math/pgfmathfloat.cod
e.tex
\c@pgfmathroundto@lastzeros=\count283
))
(/home/whitengine/texlive/2023/texmf-dist/tex/generic/pgf/math/pgfint.code.tex)

(/home/whitengine/texlive/2023/texmf-dist/tex/generic/pgf/basiclayer/pgfcorepoi
nts.code.tex
File: pgfcorepoints.code.tex 2023-01-15 v3.1.10 (3.1.10)
\pgf@picminx=\dimen171
\pgf@picmaxx=\dimen172
\pgf@picminy=\dimen173
\pgf@picmaxy=\dimen174
\pgf@pathminx=\dimen175
\pgf@pathmaxx=\dimen176
\pgf@pathminy=\dimen177
\pgf@pathmaxy=\dimen178
\pgf@xx=\dimen179
\pgf@xy=\dimen180
\pgf@yx=\dimen181
\pgf@yy=\dimen182
\pgf@zx=\dimen183
\pgf@zy=\dimen184
)
(/home/whitengine/texlive/2023/texmf-dist/tex/generic/pgf/basiclayer/pgfcorepat
hconstruct.code.tex
File: pgfcorepathconstruct.code.tex 2023-01-15 v3.1.10 (3.1.10)
\pgf@path@lastx=\dimen185
\pgf@path@lasty=\dimen186
)
(/home/whitengine/texlive/2023/texmf-dist/tex/generic/pgf/basiclayer/pgfcorepat
husage.code.tex
File: pgfcorepathusage.code.tex 2023-01-15 v3.1.10 (3.1.10)
\pgf@shorten@end@additional=\dimen187
\pgf@shorten@start@additional=\dimen188
)
(/home/whitengine/texlive/2023/texmf-dist/tex/generic/pgf/basiclayer/pgfcoresco
pes.code.tex
File: pgfcorescopes.code.tex 2023-01-15 v3.1.10 (3.1.10)
\pgfpic=\box56
\pgf@hbox=\box57
\pgf@layerbox@main=\box58
\pgf@picture@serial@count=\count284
)
(/home/whitengine/texlive/2023/texmf-dist/tex/generic/pgf/basiclayer/pgfcoregra
phicstate.code.tex
File: pgfcoregraphicstate.code.tex 2023-01-15 v3.1.10 (3.1.10)
\pgflinewidth=\dimen189
)
(/home/whitengine/texlive/2023/texmf-dist/tex/generic/pgf/basiclayer/pgfcoretra
nsformations.code.tex
File: pgfcoretransformations.code.tex 2023-01-15 v3.1.10 (3.1.10)
\pgf@pt@x=\dimen190
\pgf@pt@y=\dimen191
\pgf@pt@temp=\dimen192
)
(/home/whitengine/texlive/2023/texmf-dist/tex/generic/pgf/basiclayer/pgfcorequi
ck.code.tex
File: pgfcorequick.code.tex 2023-01-15 v3.1.10 (3.1.10)
)
(/home/whitengine/texlive/2023/texmf-dist/tex/generic/pgf/basiclayer/pgfcoreobj
ects.code.tex
File: pgfcoreobjects.code.tex 2023-01-15 v3.1.10 (3.1.10)
)
(/home/whitengine/texlive/2023/texmf-dist/tex/generic/pgf/basiclayer/pgfcorepat
hprocessing.code.tex
File: pgfcorepathprocessing.code.tex 2023-01-15 v3.1.10 (3.1.10)
)
(/home/whitengine/texlive/2023/texmf-dist/tex/generic/pgf/basiclayer/pgfcorearr
ows.code.tex
File: pgfcorearrows.code.tex 2023-01-15 v3.1.10 (3.1.10)
\pgfarrowsep=\dimen193
)
(/home/whitengine/texlive/2023/texmf-dist/tex/generic/pgf/basiclayer/pgfcoresha
de.code.tex
File: pgfcoreshade.code.tex 2023-01-15 v3.1.10 (3.1.10)
\pgf@max=\dimen194
\pgf@sys@shading@range@num=\count285
\pgf@shadingcount=\count286
)
(/home/whitengine/texlive/2023/texmf-dist/tex/generic/pgf/basiclayer/pgfcoreima
ge.code.tex
File: pgfcoreimage.code.tex 2023-01-15 v3.1.10 (3.1.10)
)
(/home/whitengine/texlive/2023/texmf-dist/tex/generic/pgf/basiclayer/pgfcoreext
ernal.code.tex
File: pgfcoreexternal.code.tex 2023-01-15 v3.1.10 (3.1.10)
\pgfexternal@startupbox=\box59
)
(/home/whitengine/texlive/2023/texmf-dist/tex/generic/pgf/basiclayer/pgfcorelay
ers.code.tex
File: pgfcorelayers.code.tex 2023-01-15 v3.1.10 (3.1.10)
)
(/home/whitengine/texlive/2023/texmf-dist/tex/generic/pgf/basiclayer/pgfcoretra
nsparency.code.tex
File: pgfcoretransparency.code.tex 2023-01-15 v3.1.10 (3.1.10)
)
(/home/whitengine/texlive/2023/texmf-dist/tex/generic/pgf/basiclayer/pgfcorepat
terns.code.tex
File: pgfcorepatterns.code.tex 2023-01-15 v3.1.10 (3.1.10)
)
(/home/whitengine/texlive/2023/texmf-dist/tex/generic/pgf/basiclayer/pgfcorerdf
.code.tex
File: pgfcorerdf.code.tex 2023-01-15 v3.1.10 (3.1.10)
)))
(/home/whitengine/texlive/2023/texmf-dist/tex/generic/pgf/modules/pgfmoduleshap
es.code.tex
File: pgfmoduleshapes.code.tex 2023-01-15 v3.1.10 (3.1.10)
\pgfnodeparttextbox=\box60
)
(/home/whitengine/texlive/2023/texmf-dist/tex/generic/pgf/modules/pgfmoduleplot
.code.tex
File: pgfmoduleplot.code.tex 2023-01-15 v3.1.10 (3.1.10)
)
(/home/whitengine/texlive/2023/texmf-dist/tex/latex/pgf/compatibility/pgfcomp-v
ersion-0-65.sty
Package: pgfcomp-version-0-65 2023-01-15 v3.1.10 (3.1.10)
\pgf@nodesepstart=\dimen195
\pgf@nodesepend=\dimen196
)
(/home/whitengine/texlive/2023/texmf-dist/tex/latex/pgf/compatibility/pgfcomp-v
ersion-1-18.sty
Package: pgfcomp-version-1-18 2023-01-15 v3.1.10 (3.1.10)
))
(/home/whitengine/texlive/2023/texmf-dist/tex/latex/pgf/utilities/pgffor.sty
(/home/whitengine/texlive/2023/texmf-dist/tex/latex/pgf/utilities/pgfkeys.sty
(/home/whitengine/texlive/2023/texmf-dist/tex/generic/pgf/utilities/pgfkeys.cod
e.tex))
(/home/whitengine/texlive/2023/texmf-dist/tex/latex/pgf/math/pgfmath.sty
(/home/whitengine/texlive/2023/texmf-dist/tex/generic/pgf/math/pgfmath.code.tex
))
(/home/whitengine/texlive/2023/texmf-dist/tex/generic/pgf/utilities/pgffor.code
.tex
Package: pgffor 2023-01-15 v3.1.10 (3.1.10)
\pgffor@iter=\dimen197
\pgffor@skip=\dimen198
\pgffor@stack=\toks40
\pgffor@toks=\toks41
))
(/home/whitengine/texlive/2023/texmf-dist/tex/generic/pgf/frontendlayer/tikz/ti
kz.code.tex
Package: tikz 2023-01-15 v3.1.10 (3.1.10)

(/home/whitengine/texlive/2023/texmf-dist/tex/generic/pgf/libraries/pgflibraryp
lothandlers.code.tex
File: pgflibraryplothandlers.code.tex 2023-01-15 v3.1.10 (3.1.10)
\pgf@plot@mark@count=\count287
\pgfplotmarksize=\dimen256
)
\tikz@lastx=\dimen257
\tikz@lasty=\dimen258
\tikz@lastxsaved=\dimen259
\tikz@lastysaved=\dimen260
\tikz@lastmovetox=\dimen261
\tikz@lastmovetoy=\dimen262
\tikzleveldistance=\dimen263
\tikzsiblingdistance=\dimen264
\tikz@figbox=\box61
\tikz@figbox@bg=\box62
\tikz@tempbox=\box63
\tikz@tempbox@bg=\box64
\tikztreelevel=\count288
\tikznumberofchildren=\count289
\tikznumberofcurrentchild=\count290
\tikz@fig@count=\count291

(/home/whitengine/texlive/2023/texmf-dist/tex/generic/pgf/modules/pgfmodulematr
ix.code.tex
File: pgfmodulematrix.code.tex 2023-01-15 v3.1.10 (3.1.10)
\pgfmatrixcurrentrow=\count292
\pgfmatrixcurrentcolumn=\count293
\pgf@matrix@numberofcolumns=\count294
)
\tikz@expandcount=\count295

(/home/whitengine/texlive/2023/texmf-dist/tex/generic/pgf/frontendlayer/tikz/li
braries/tikzlibrarytopaths.code.tex
File: tikzlibrarytopaths.code.tex 2023-01-15 v3.1.10 (3.1.10)
)))
(/home/whitengine/texlive/2023/texmf-dist/tex/generic/tikz-cd/tikzlibrarycd.cod
e.tex
(/home/whitengine/texlive/2023/texmf-dist/tex/generic/pgf/frontendlayer/tikz/li
braries/tikzlibrarymatrix.code.tex
File: tikzlibrarymatrix.code.tex 2023-01-15 v3.1.10 (3.1.10)
)
(/home/whitengine/texlive/2023/texmf-dist/tex/generic/pgf/frontendlayer/tikz/li
braries/tikzlibraryquotes.code.tex
File: tikzlibraryquotes.code.tex 2023-01-15 v3.1.10 (3.1.10)
)
(/home/whitengine/texlive/2023/texmf-dist/tex/generic/pgf/libraries/pgflibrarya
rrows.meta.code.tex
File: pgflibraryarrows.meta.code.tex 2023-01-15 v3.1.10 (3.1.10)
\pgfarrowinset=\dimen265
\pgfarrowlength=\dimen266
\pgfarrowwidth=\dimen267
\pgfarrowlinewidth=\dimen268
)))
(/home/whitengine/texlive/2023/texmf-dist/tex/latex/tools/bm.sty
Package: bm 2022/01/05 v1.2f Bold Symbol Support (DPC/FMi)
\symboldoperators=\mathgroup6
\symboldletters=\mathgroup7
\symboldsymbols=\mathgroup8
Package bm Info: No bold for \OMX/cmex/m/n, using \pmb.
Package bm Info: No bold for \U/msa/m/n, using \pmb.
Package bm Info: No bold for \U/msb/m/n, using \pmb.
LaTeX Font Info:    Redeclaring math alphabet \mathbf on input line 149.
)
(/home/whitengine/texlive/2023/texmf-dist/tex/latex/graphics/epsfig.sty
Package: epsfig 2017/06/25 v1.7b (e)psfig emulation (SPQR)
\epsfxsize=\dimen269
\epsfysize=\dimen270
)
(/home/whitengine/texlive/2023/texmf-dist/tex/latex/jknapltx/mathrsfs.sty
Package: mathrsfs 1996/01/01 Math RSFS package v1.0 (jk)
\symrsfs=\mathgroup9
)
(/home/whitengine/texlive/2023/texmf-dist/tex/latex/epigraph/epigraph.sty
Package: epigraph 2020/01/02 v1.5e typesetting epigraphs

(/home/whitengine/texlive/2023/texmf-dist/tex/latex/nextpage/nextpage.sty
Package: nextpage 2009/09/03 v1.1a additional page commands
)
\beforeepigraphskip=\skip58
\afterepigraphskip=\skip59
\epigraphwidth=\skip60
\epigraphrule=\skip61
)
(/home/whitengine/texlive/2023/texmf-dist/tex/latex/braket/braket.sty)
(/home/whitengine/texlive/2023/texmf-dist/tex/latex/enumitem/enumitem.sty
Package: enumitem 2019/06/20 v3.9 Customized lists
\labelindent=\skip62
\enit@outerparindent=\dimen271
\enit@toks=\toks42
\enit@inbox=\box65
\enit@count@id=\count296
\enitdp@description=\count297
)
(/home/whitengine/texlive/2023/texmf-dist/tex/latex/hyperref/hyperref.sty
Package: hyperref 2023-02-07 v7.00v Hypertext links for LaTeX

(/home/whitengine/texlive/2023/texmf-dist/tex/generic/ltxcmds/ltxcmds.sty
Package: ltxcmds 2020-05-10 v1.25 LaTeX kernel commands for general use (HO)
)
(/home/whitengine/texlive/2023/texmf-dist/tex/generic/iftex/iftex.sty
Package: iftex 2022/02/03 v1.0f TeX engine tests
)
(/home/whitengine/texlive/2023/texmf-dist/tex/generic/pdftexcmds/pdftexcmds.sty
Package: pdftexcmds 2020-06-27 v0.33 Utility functions of pdfTeX for LuaTeX (HO
)
(/home/whitengine/texlive/2023/texmf-dist/tex/generic/infwarerr/infwarerr.sty
Package: infwarerr 2019/12/03 v1.5 Providing info/warning/error messages (HO)
)
Package pdftexcmds Info: \pdf@primitive is available.
Package pdftexcmds Info: \pdf@ifprimitive is available.
Package pdftexcmds Info: \pdfdraftmode found.
) (/home/whitengine/texlive/2023/texmf-dist/tex/latex/kvsetkeys/kvsetkeys.sty
Package: kvsetkeys 2022-10-05 v1.19 Key value parser (HO)
)
(/home/whitengine/texlive/2023/texmf-dist/tex/generic/kvdefinekeys/kvdefinekeys
.sty
Package: kvdefinekeys 2019-12-19 v1.6 Define keys (HO)
)
(/home/whitengine/texlive/2023/texmf-dist/tex/generic/pdfescape/pdfescape.sty
Package: pdfescape 2019/12/09 v1.15 Implements pdfTeX's escape features (HO)
)
(/home/whitengine/texlive/2023/texmf-dist/tex/latex/hycolor/hycolor.sty
Package: hycolor 2020-01-27 v1.10 Color options for hyperref/bookmark (HO)
)
(/home/whitengine/texlive/2023/texmf-dist/tex/latex/letltxmacro/letltxmacro.sty
Package: letltxmacro 2019/12/03 v1.6 Let assignment for LaTeX macros (HO)
) (/home/whitengine/texlive/2023/texmf-dist/tex/latex/auxhook/auxhook.sty
Package: auxhook 2019-12-17 v1.6 Hooks for auxiliary files (HO)
)
(/home/whitengine/texlive/2023/texmf-dist/tex/latex/hyperref/nameref.sty
Package: nameref 2022-05-17 v2.50 Cross-referencing by name of section

(/home/whitengine/texlive/2023/texmf-dist/tex/latex/refcount/refcount.sty
Package: refcount 2019/12/15 v3.6 Data extraction from label references (HO)
)
(/home/whitengine/texlive/2023/texmf-dist/tex/generic/gettitlestring/gettitlest
ring.sty
Package: gettitlestring 2019/12/15 v1.6 Cleanup title references (HO)

(/home/whitengine/texlive/2023/texmf-dist/tex/latex/kvoptions/kvoptions.sty
Package: kvoptions 2022-06-15 v3.15 Key value format for package options (HO)
))
\c@section@level=\count298
)
\@linkdim=\dimen272
\Hy@linkcounter=\count299
\Hy@pagecounter=\count300

(/home/whitengine/texlive/2023/texmf-dist/tex/latex/hyperref/pd1enc.def
File: pd1enc.def 2023-02-07 v7.00v Hyperref: PDFDocEncoding definition (HO)
Now handling font encoding PD1 ...
... no UTF-8 mapping file for font encoding PD1
)
(/home/whitengine/texlive/2023/texmf-dist/tex/generic/intcalc/intcalc.sty
Package: intcalc 2019/12/15 v1.3 Expandable calculations with integers (HO)
)
(/home/whitengine/texlive/2023/texmf-dist/tex/generic/etexcmds/etexcmds.sty
Package: etexcmds 2019/12/15 v1.7 Avoid name clashes with e-TeX commands (HO)
)
\Hy@SavedSpaceFactor=\count301

(/home/whitengine/texlive/2023/texmf-dist/tex/latex/hyperref/puenc.def
File: puenc.def 2023-02-07 v7.00v Hyperref: PDF Unicode definition (HO)
Now handling font encoding PU ...
... no UTF-8 mapping file for font encoding PU
)
Package hyperref Info: Hyper figures OFF on input line 4177.
Package hyperref Info: Link nesting OFF on input line 4182.
Package hyperref Info: Hyper index ON on input line 4185.
Package hyperref Info: Plain pages OFF on input line 4192.
Package hyperref Info: Backreferencing OFF on input line 4197.
Package hyperref Info: Implicit mode ON; LaTeX internals redefined.
Package hyperref Info: Bookmarks ON on input line 4425.
\c@Hy@tempcnt=\count302

(/home/whitengine/texlive/2023/texmf-dist/tex/latex/url/url.sty
\Urlmuskip=\muskip17
Package: url 2013/09/16  ver 3.4  Verb mode for urls, etc.
)
LaTeX Info: Redefining \url on input line 4763.
\XeTeXLinkMargin=\dimen273

(/home/whitengine/texlive/2023/texmf-dist/tex/generic/bitset/bitset.sty
Package: bitset 2019/12/09 v1.3 Handle bit-vector datatype (HO)

(/home/whitengine/texlive/2023/texmf-dist/tex/generic/bigintcalc/bigintcalc.sty
Package: bigintcalc 2019/12/15 v1.5 Expandable calculations on big integers (HO
)
))
\Fld@menulength=\count303
\Field@Width=\dimen274
\Fld@charsize=\dimen275
Package hyperref Info: Hyper figures OFF on input line 6042.
Package hyperref Info: Link nesting OFF on input line 6047.
Package hyperref Info: Hyper index ON on input line 6050.
Package hyperref Info: backreferencing OFF on input line 6057.
Package hyperref Info: Link coloring OFF on input line 6062.
Package hyperref Info: Link coloring with OCG OFF on input line 6067.
Package hyperref Info: PDF/A mode OFF on input line 6072.
 (/home/whitengine/texlive/2023/texmf-dist/tex/latex/base/atbegshi-ltx.sty
Package: atbegshi-ltx 2021/01/10 v1.0c Emulation of the original atbegshi
package with kernel methods
)
\Hy@abspage=\count304
\c@Item=\count305
\c@Hfootnote=\count306
)
Package hyperref Info: Driver (autodetected): hpdftex.

(/home/whitengine/texlive/2023/texmf-dist/tex/latex/hyperref/hpdftex.def
File: hpdftex.def 2023-02-07 v7.00v Hyperref driver for pdfTeX

(/home/whitengine/texlive/2023/texmf-dist/tex/latex/base/atveryend-ltx.sty
Package: atveryend-ltx 2020/08/19 v1.0a Emulation of the original atveryend pac
kage
with kernel methods
)
\Fld@listcount=\count307
\c@bookmark@seq@number=\count308

(/home/whitengine/texlive/2023/texmf-dist/tex/latex/rerunfilecheck/rerunfileche
ck.sty
Package: rerunfilecheck 2022-07-10 v1.10 Rerun checks for auxiliary files (HO)

(/home/whitengine/texlive/2023/texmf-dist/tex/generic/uniquecounter/uniquecount
er.sty
Package: uniquecounter 2019/12/15 v1.4 Provide unlimited unique counter (HO)
)
Package uniquecounter Info: New unique counter `rerunfilecheck' on input line 2
85.
)
\Hy@SectionHShift=\skip63
)
Package hyperref Info: Option `unicode' set `false' on input line 49.
Package hyperref Info: Option `pdftoolbar' set `true' on input line 49.
Package hyperref Info: Option `pdfmenubar' set `true' on input line 49.
Package hyperref Info: Option `pdffitwindow' set `false' on input line 49.
Package hyperref Info: Option `colorlinks' set `true' on input line 49.

(/home/whitengine/texlive/2023/texmf-dist/tex/latex/geometry/geometry.sty
Package: geometry 2020/01/02 v5.9 Page Geometry

(/home/whitengine/texlive/2023/texmf-dist/tex/generic/iftex/ifvtex.sty
Package: ifvtex 2019/10/25 v1.7 ifvtex legacy package. Use iftex instead.
)
\Gm@cnth=\count309
\Gm@cntv=\count310
\c@Gm@tempcnt=\count311
\Gm@bindingoffset=\dimen276
\Gm@wd@mp=\dimen277
\Gm@odd@mp=\dimen278
\Gm@even@mp=\dimen279
\Gm@layoutwidth=\dimen280
\Gm@layoutheight=\dimen281
\Gm@layouthoffset=\dimen282
\Gm@layoutvoffset=\dimen283
\Gm@dimlist=\toks43
)
\c@theorem=\count312
\c@acknowledgement=\count313
\c@case=\count314
\c@subcase=\count315
\c@step=\count316
\c@approach=\count317
\c@subsay=\count318

(/home/whitengine/texlive/2023/texmf-dist/tex/generic/pgf/frontendlayer/tikz/li
braries/tikzlibrarybabel.code.tex
File: tikzlibrarybabel.code.tex 2023-01-15 v3.1.10 (3.1.10)
)
(/home/whitengine/texlive/2023/texmf-dist/tex/latex/spath3/tikzlibraryknots.cod
e.tex (/home/whitengine/texlive/2023/texmf-dist/tex/latex/spath3/spath3.sty
(/home/whitengine/texlive/2023/texmf-dist/tex/latex/l3kernel/expl3.sty
Package: expl3 2023-03-30 L3 programming layer (loader) 

(/home/whitengine/texlive/2023/texmf-dist/tex/latex/l3backend/l3backend-pdftex.
def
File: l3backend-pdftex.def 2023-03-30 L3 backend support: PDF output (pdfTeX)
\l__color_backend_stack_int=\count319
\l__pdf_internal_box=\box66
))
Package: spath3 2022/08/24 v2.7 Functions for manipulating PGF soft paths

(/home/whitengine/texlive/2023/texmf-dist/tex/latex/l3packages/xparse/xparse.st
y
Package: xparse 2023-02-02 L3 Experimental document command parser
)
\g__spath_output_int=\count320
\l__spath_tmpa_dim=\dimen284
\l__spath_tmpb_dim=\dimen285
\l__spath_tmpa_int=\count321
\l__spath_tmpb_int=\count322
\l__spath_move_x_dim=\dimen286
\l__spath_move_y_dim=\dimen287
\l__spath_rectx_dim=\dimen288
\l__spath_recty_dim=\dimen289
\g__spath_anon_int=\count323
)
(/home/whitengine/texlive/2023/texmf-dist/tex/generic/pgf/frontendlayer/tikz/li
braries/tikzlibraryintersections.code.tex
(/home/whitengine/texlive/2023/texmf-dist/tex/generic/pgf/libraries/pgflibraryi
ntersections.code.tex
(/home/whitengine/texlive/2023/texmf-dist/tex/generic/pgf/libraries/pgflibraryf
pu.code.tex)
\pgf@intersect@solutions=\count324
))
(/home/whitengine/texlive/2023/texmf-dist/tex/latex/spath3/tikzlibraryspath3.co
de.tex
\l__tikzspath_tmpa_int=\count325
)
\l__knot_tmpa_int=\count326
\l__knot_strands_int=\count327
\g__knot_intersections_int=\count328
\g__knot_filaments_int=\count329
\l__knot_component_start_int=\count330
\l__knot_tmpa_dim=\dimen290
\l__knot_tmpb_dim=\dimen291
\l__knot_tolerance_dim=\dimen292
\l__knot_redraw_tolerance_dim=\dimen293
\l__knot_clip_bg_radius_dim=\dimen294
\l__knot_clip_draw_radius_dim=\dimen295
)
(/home/whitengine/texlive/2023/texmf-dist/tex/latex/hobby/tikzlibraryhobby.code
.tex
(/home/whitengine/texlive/2023/texmf-dist/tex/latex/hobby/pgflibraryhobby.code.
tex (/home/whitengine/texlive/2023/texmf-dist/tex/latex/hobby/hobby.code.tex
(/home/whitengine/texlive/2023/texmf-dist/tex/latex/hobby/pml3array.sty
\l_array_base_int=\count331
\l_array_top_int=\count332
\l_array_tmp_int=\count333
\g_array_base_int=\count334
)
\l_hobby_npoints_int=\count335
\l_hobby_draw_int=\count336
)))
(/home/whitengine/texlive/2023/texmf-dist/tex/generic/pgf/frontendlayer/tikz/li
braries/tikzlibrarydecorations.pathreplacing.code.tex
(/home/whitengine/texlive/2023/texmf-dist/tex/generic/pgf/frontendlayer/tikz/li
braries/tikzlibrarydecorations.code.tex
(/home/whitengine/texlive/2023/texmf-dist/tex/generic/pgf/modules/pgfmoduledeco
rations.code.tex
\pgfdecoratedcompleteddistance=\dimen296
\pgfdecoratedremainingdistance=\dimen297
\pgfdecoratedinputsegmentcompleteddistance=\dimen298
\pgfdecoratedinputsegmentremainingdistance=\dimen299
\pgf@decorate@distancetomove=\dimen300
\pgf@decorate@repeatstate=\count337
\pgfdecorationsegmentamplitude=\dimen301
\pgfdecorationsegmentlength=\dimen302
)
\tikz@lib@dec@box=\box67
)
(/home/whitengine/texlive/2023/texmf-dist/tex/generic/pgf/libraries/decorations
/pgflibrarydecorations.pathreplacing.code.tex))
(/home/whitengine/texlive/2023/texmf-dist/tex/generic/pgf/frontendlayer/tikz/li
braries/tikzlibraryshapes.geometric.code.tex
File: tikzlibraryshapes.geometric.code.tex 2023-01-15 v3.1.10 (3.1.10)

(/home/whitengine/texlive/2023/texmf-dist/tex/generic/pgf/libraries/shapes/pgfl
ibraryshapes.geometric.code.tex
File: pgflibraryshapes.geometric.code.tex 2023-01-15 v3.1.10 (3.1.10)
))
(/home/whitengine/texlive/2023/texmf-dist/tex/generic/pgf/frontendlayer/tikz/li
braries/tikzlibrarycalc.code.tex
File: tikzlibrarycalc.code.tex 2023-01-15 v3.1.10 (3.1.10)
)
(/home/enzo/Desktop/Doctorado Chile/Clases/2023/Segundo semestre/monografia par
a el curso de curvas algebraicas/Teorema-Punto-Fijo-Borel-Monografia-del-curso-
de-curvas-algebraicas/out/main.aux
LaTeX Info: Redefining \. on input line 22.
LaTeX Info: Redefining \% on input line 22.
)
\openout1 = `main.aux'.

LaTeX Font Info:    Checking defaults for OML/cmm/m/it on input line 655.
LaTeX Font Info:    ... okay on input line 655.
LaTeX Font Info:    Checking defaults for OMS/cmsy/m/n on input line 655.
LaTeX Font Info:    ... okay on input line 655.
LaTeX Font Info:    Checking defaults for OT1/cmr/m/n on input line 655.
LaTeX Font Info:    ... okay on input line 655.
LaTeX Font Info:    Checking defaults for T1/cmr/m/n on input line 655.
LaTeX Font Info:    ... okay on input line 655.
LaTeX Font Info:    Checking defaults for TS1/cmr/m/n on input line 655.
LaTeX Font Info:    ... okay on input line 655.
LaTeX Font Info:    Checking defaults for OMX/cmex/m/n on input line 655.
LaTeX Font Info:    ... okay on input line 655.
LaTeX Font Info:    Checking defaults for U/cmr/m/n on input line 655.
LaTeX Font Info:    ... okay on input line 655.
LaTeX Font Info:    Checking defaults for PD1/pdf/m/n on input line 655.
LaTeX Font Info:    ... okay on input line 655.
LaTeX Font Info:    Checking defaults for PU/pdf/m/n on input line 655.
LaTeX Font Info:    ... okay on input line 655.
LaTeX Font Info:    Trying to load font information for U+msa on input line 655
.

(/home/whitengine/texlive/2023/texmf-dist/tex/latex/amsfonts/umsa.fd
File: umsa.fd 2013/01/14 v3.01 AMS symbols A
)
LaTeX Font Info:    Trying to load font information for U+msb on input line 655
.

(/home/whitengine/texlive/2023/texmf-dist/tex/latex/amsfonts/umsb.fd
File: umsb.fd 2013/01/14 v3.01 AMS symbols B
)
LaTeX Font Info:    Trying to load font information for U+rsfs on input line 65
5.

(/home/whitengine/texlive/2023/texmf-dist/tex/latex/jknapltx/ursfs.fd
File: ursfs.fd 1998/03/24 rsfs font definition file (jk)
)
LaTeX Info: Redefining \. on input line 655.
LaTeX Info: Redefining \% on input line 655.

(/home/whitengine/texlive/2023/texmf-dist/tex/context/base/mkii/supp-pdf.mkii
[Loading MPS to PDF converter (version 2006.09.02).]
\scratchcounter=\count338
\scratchdimen=\dimen303
\scratchbox=\box68
\nofMPsegments=\count339
\nofMParguments=\count340
\everyMPshowfont=\toks44
\MPscratchCnt=\count341
\MPscratchDim=\dimen304
\MPnumerator=\count342
\makeMPintoPDFobject=\count343
\everyMPtoPDFconversion=\toks45
)
(/home/whitengine/texlive/2023/texmf-dist/tex/latex/epstopdf-pkg/epstopdf-base.
sty
Package: epstopdf-base 2020-01-24 v2.11 Base part for package epstopdf
Package epstopdf-base Info: Redefining graphics rule for `.eps' on input line 4
85.

(/home/whitengine/texlive/2023/texmf-dist/tex/latex/latexconfig/epstopdf-sys.cf
g
File: epstopdf-sys.cfg 2010/07/13 v1.3 Configuration of (r)epstopdf for TeX Liv
e
))
Package hyperref Info: Link coloring ON on input line 655.

(/home/enzo/Desktop/Doctorado Chile/Clases/2023/Segundo semestre/monografia par
a el curso de curvas algebraicas/Teorema-Punto-Fijo-Borel-Monografia-del-curso-
de-curvas-algebraicas/out/main.out)
(/home/enzo/Desktop/Doctorado Chile/Clases/2023/Segundo semestre/monografia par
a el curso de curvas algebraicas/Teorema-Punto-Fijo-Borel-Monografia-del-curso-
de-curvas-algebraicas/out/main.out)
\@outlinefile=\write4
\openout4 = `main.out'.


*geometry* driver: auto-detecting
*geometry* detected driver: pdftex
*geometry* verbose mode - [ preamble ] result:
* driver: pdftex
* paper: <default>
* layout: <same size as paper>
* layoutoffset:(h,v)=(0.0pt,0.0pt)
* hratio: 1:1
* vratio: 1:1
* modes: twoside 
* h-part:(L,W,R)=(65.0431pt, 484.20877pt, 65.04312pt)
* v-part:(T,H,B)=(65.0431pt, 664.88377pt, 65.0431pt)
* \paperwidth=614.295pt
* \paperheight=794.96999pt
* \textwidth=484.20877pt
* \textheight=664.88377pt
* \oddsidemargin=-7.22688pt
* \evensidemargin=-7.22687pt
* \topmargin=-29.22688pt
* \headheight=8.0pt
* \headsep=14.0pt
* \topskip=10.0pt
* \footskip=12.0pt
* \marginparwidth=90.0pt
* \marginparsep=11.0pt
* \columnsep=10.0pt
* \skip\footins=7.0pt plus 11.0pt
* \hoffset=0.0pt
* \voffset=0.0pt
* \mag=1000
* \@twocolumnfalse
* \@twosidetrue
* \@mparswitchtrue
* \@reversemarginfalse
* (1in=72.27pt=25.4mm, 1cm=28.453pt)


(/home/enzo/Desktop/Doctorado Chile/Clases/2023/Segundo semestre/monografia par
a el curso de curvas algebraicas/Teorema-Punto-Fijo-Borel-Monografia-del-curso-
de-curvas-algebraicas/out/main.toc
LaTeX Info: Redefining \. on input line 1.
LaTeX Info: Redefining \% on input line 1.
)
\tf@toc=\write5
\openout5 = `main.toc'.

 [1{/home/whitengine/texlive/2023/texmf-var/fonts/map/pdftex/updmap/pdftex.map}
] [2]
Overfull \hbox (63.56345pt too wide) in paragraph at lines 728--729
[]\OT1/cmr/m/n/12 Dados $\OML/cmm/m/it/12 Y; Z \OMS/cmsy/m/n/12 ^^Z \OML/cmm/m/
it/12 X$\OT1/cmr/m/n/12 , de-fi-ni-mos el \OT1/cmr/bx/n/12 trans-por-ta-dor\OT1
/cmr/m/n/12 , co-mo el con-jun-to $[][](\OML/cmm/m/it/12 Y; Z\OT1/cmr/m/n/12 ) 
:= []$. 
 []

LaTeX Font Info:    Trying to load font information for U+euf on input line 742
.
(/home/whitengine/texlive/2023/texmf-dist/tex/latex/amsfonts/ueuf.fd
File: ueuf.fd 2013/01/14 v3.01 Euler Fraktur
) [3]
Overfull \hbox (8.57443pt too wide) in paragraph at lines 752--753
\OT1/cmr/m/n/12 te-men-te, $[] \OML/cmm/m/it/12   \OMS/cmsy/m/n/12 \ \OML/cmm/m
/it/12 U$ \OT1/cmr/m/n/12 con-sis-te de to-dos los pun-tos cu-yas coor-de-na-da
s afi-nes son $([] \OML/cmm/m/it/12 a[] [] ; f[]\OT1/cmr/m/n/12 (\OML/cmm/m/it/
12 a[]\OT1/cmr/m/n/12 ) [])$,
 []

[4] [5] [6] [7] [8] [9{/home/whitengine/texlive/2023/texmf-dist/fonts/enc/dvips
/cm-super/cm-super-ts1.enc}] [10]
Overfull \hbox (12.40717pt too wide) in paragraph at lines 1036--1037
\OT1/cmr/m/n/12 ^^@(\OML/cmm/m/it/12 G; \OMS/cmsy/m/n/12 O[]\OT1/cmr/m/n/12 )$ 
\OT1/cmr/m/it/12 de las fun-cio-nes re-gu-la-res de $\OML/cmm/m/it/12 G$ \OT1/c
mr/m/it/12 que se anu-lan en $\OML/cmm/m/it/12 H$\OT1/cmr/m/it/12 . En-ton-ces 
$\OML/cmm/m/it/12 H \OT1/cmr/m/n/12 = []$\OT1/cmr/m/it/12 .
 []

[11]
Overfull \hbox (3.19102pt too wide) in paragraph at lines 1082--1083
[]\OT1/cmr/m/n/12 Dado un sub-gru-po ce-rra-do $\OML/cmm/m/it/12 H$ \OT1/cmr/m/
n/12 de un gru-po al-ge-brai-co af^^S^^Pn $\OML/cmm/m/it/12 G$\OT1/cmr/m/n/12 ,
 exis-te un mor-fis-mo $\OML/cmm/m/it/12 G$\OT1/cmr/m/n/12 -equivariante
 []


LaTeX Font Warning: Font shape `OT1/cmr/m/scit' undefined
(Font)              using `OT1/cmr/m/sc' instead on input line 1099.


LaTeX Font Warning: Font shape `OT1/cmr/m/scit' undefined
(Font)              using `OT1/cmr/m/sc' instead on input line 1100.

[12]

LaTeX Font Warning: Font shape `OT1/cmr/m/scit' undefined
(Font)              using `OT1/cmr/m/sc' instead on input line 1101.


LaTeX Font Warning: Font shape `OT1/cmr/m/scit' undefined
(Font)              using `OT1/cmr/m/sc' instead on input line 1102.


LaTeX Font Warning: Font shape `OT1/cmr/m/scit' undefined
(Font)              using `OT1/cmr/m/sc' instead on input line 1103.


LaTeX Font Warning: Font shape `OT1/cmr/m/scit' undefined
(Font)              using `OT1/cmr/m/sc' instead on input line 1112.


LaTeX Font Warning: Font shape `OT1/cmr/m/scit' undefined
(Font)              using `OT1/cmr/m/sc' instead on input line 1113.


LaTeX Font Warning: Font shape `OT1/cmr/m/scit' undefined
(Font)              using `OT1/cmr/m/sc' instead on input line 1114.


LaTeX Font Warning: Font shape `OT1/cmr/m/scit' undefined
(Font)              using `OT1/cmr/m/sc' instead on input line 1115.


LaTeX Font Warning: Font shape `OT1/cmr/m/scit' undefined
(Font)              using `OT1/cmr/m/sc' instead on input line 1116.

[13] [14]
Overfull \hbox (7.82593pt too wide) in paragraph at lines 1165--1166
[]\OT1/cmr/m/n/12 Consideremos am-bos ca-sos por se-pa-ra-do. Si $\OML/cmm/m/it
/12 x \OMS/cmsy/m/n/12 2 \OML/cmm/m/it/12 E$ \OT1/cmr/m/n/12 es se-mi-sim-ple, 
to-me-mos una ba-se $(\OML/cmm/m/it/12 v[]; [] ; v[]\OT1/cmr/m/n/12 )$
 []

[15] [16] [17] [18] [19] [20] [21] [22] [23] [24]
(/home/enzo/Desktop/Doctorado Chile/Clases/2023/Segundo semestre/monografia par
a el curso de curvas algebraicas/Teorema-Punto-Fijo-Borel-Monografia-del-curso-
de-curvas-algebraicas/out/main.bbl) [25]
(/home/enzo/Desktop/Doctorado Chile/Clases/2023/Segundo semestre/monografia par
a el curso de curvas algebraicas/Teorema-Punto-Fijo-Borel-Monografia-del-curso-
de-curvas-algebraicas/out/main.aux
LaTeX Info: Redefining \. on input line 22.
LaTeX Info: Redefining \% on input line 22.
)
Package rerunfilecheck Info: File `main.out' has not changed.
(rerunfilecheck)             Checksum: 7A231F5ECC9E5C973BE2A2A6BA6FC88B;1062.
 ) 
Here is how much of TeX's memory you used:
 28758 strings out of 476017
 579352 string characters out of 5786780
 1879666 words of memory out of 5000000
 48337 multiletter control sequences out of 15000+600000
 532608 words of font info for 109 fonts, out of 8000000 for 9000
 1302 hyphenation exceptions out of 8191
 116i,15n,384p,1653b,1226s stack positions out of 10000i,1000n,20000p,200000b,200000s

pdfTeX warning (dest): name{theorem.12.6} has been referenced but does not exis
t, replaced by a fixed one


pdfTeX warning (dest): name{theorem.13.2} has been referenced but does not exis
t, replaced by a fixed one

</home/whitengine/texlive/2023/texmf-dist/fonts/type1/public/amsfonts/cm/cmbx10
.pfb></home/whitengine/texlive/2023/texmf-dist/fonts/type1/public/amsfonts/cm/c
mbx12.pfb></home/whitengine/texlive/2023/texmf-dist/fonts/type1/public/amsfonts
/cm/cmbxti10.pfb></home/whitengine/texlive/2023/texmf-dist/fonts/type1/public/a
msfonts/cm/cmcsc10.pfb></home/whitengine/texlive/2023/texmf-dist/fonts/type1/pu
blic/amsfonts/cm/cmex10.pfb></home/whitengine/texlive/2023/texmf-dist/fonts/typ
e1/public/amsfonts/cm/cmmi10.pfb></home/whitengine/texlive/2023/texmf-dist/font
s/type1/public/amsfonts/cm/cmmi12.pfb></home/whitengine/texlive/2023/texmf-dist
/fonts/type1/public/amsfonts/cm/cmmi6.pfb></home/whitengine/texlive/2023/texmf-
dist/fonts/type1/public/amsfonts/cm/cmmi7.pfb></home/whitengine/texlive/2023/te
xmf-dist/fonts/type1/public/amsfonts/cm/cmmi8.pfb></home/whitengine/texlive/202
3/texmf-dist/fonts/type1/public/amsfonts/cm/cmr10.pfb></home/whitengine/texlive
/2023/texmf-dist/fonts/type1/public/amsfonts/cm/cmr12.pfb></home/whitengine/tex
live/2023/texmf-dist/fonts/type1/public/amsfonts/cm/cmr6.pfb></home/whitengine/
texlive/2023/texmf-dist/fonts/type1/public/amsfonts/cm/cmr7.pfb></home/whitengi
ne/texlive/2023/texmf-dist/fonts/type1/public/amsfonts/cm/cmr8.pfb></home/white
ngine/texlive/2023/texmf-dist/fonts/type1/public/amsfonts/cm/cmr9.pfb></home/wh
itengine/texlive/2023/texmf-dist/fonts/type1/public/amsfonts/cm/cmss12.pfb></ho
me/whitengine/texlive/2023/texmf-dist/fonts/type1/public/amsfonts/cm/cmsy10.pfb
></home/whitengine/texlive/2023/texmf-dist/fonts/type1/public/amsfonts/cm/cmsy6
.pfb></home/whitengine/texlive/2023/texmf-dist/fonts/type1/public/amsfonts/cm/c
msy7.pfb></home/whitengine/texlive/2023/texmf-dist/fonts/type1/public/amsfonts/
cm/cmsy8.pfb></home/whitengine/texlive/2023/texmf-dist/fonts/type1/public/amsfo
nts/cm/cmti10.pfb></home/whitengine/texlive/2023/texmf-dist/fonts/type1/public/
amsfonts/cm/cmti12.pfb></home/whitengine/texlive/2023/texmf-dist/fonts/type1/pu
blic/amsfonts/cm/cmtt10.pfb></home/whitengine/texlive/2023/texmf-dist/fonts/typ
e1/public/amsfonts/euler/eufm10.pfb></home/whitengine/texlive/2023/texmf-dist/f
onts/type1/public/amsfonts/symbols/msam10.pfb></home/whitengine/texlive/2023/te
xmf-dist/fonts/type1/public/amsfonts/symbols/msbm10.pfb></home/whitengine/texli
ve/2023/texmf-dist/fonts/type1/public/cm-super/sfrm1200.pfb>
Output written on "/home/enzo/Desktop/Doctorado Chile/Clases/2023/Segundo semes
tre/monografia para el curso de curvas algebraicas/Teorema-Punto-Fijo-Borel-Mon
ografia-del-curso-de-curvas-algebraicas/out/main.pdf" (25 pages, 500309 bytes).

PDF statistics:
 688 PDF objects out of 1000 (max. 8388607)
 599 compressed objects within 6 object streams
 227 named destinations out of 1000 (max. 500000)
 141 words of extra memory for PDF output out of 10000 (max. 10000000)

